<?xml version="1.0" encoding="UTF-8"?>
<testng-results skipped="0" failed="0" total="1" passed="1">
  <reporter-output>
  </reporter-output>
  <suite name="Suite" duration-ms="18308" started-at="2020-01-10T18:49:41Z" finished-at="2020-01-10T18:49:59Z">
    <groups>
    </groups>
    <test name="Test1" duration-ms="18308" started-at="2020-01-10T18:49:41Z" finished-at="2020-01-10T18:49:59Z">
      <class name="tests.TC_001_Verify_Message">
        <test-method status="PASS" signature="classLevelSetup()[pri:0, instance:tests.TC_001_Verify_Message@56f4468b]" name="classLevelSetup" is-config="true" duration-ms="12" started-at="2020-01-10T18:49:41Z" finished-at="2020-01-10T18:49:41Z">
        </test-method> <!-- classLevelSetup -->
        <test-method status="PASS" signature="methodLevelSetup()[pri:0, instance:tests.TC_001_Verify_Message@56f4468b]" name="methodLevelSetup" is-config="true" duration-ms="14580" started-at="2020-01-10T18:49:41Z" finished-at="2020-01-10T18:49:55Z">
        </test-method> <!-- methodLevelSetup -->
        <test-method status="PASS" signature="Valid_Test()[pri:1, instance:tests.TC_001_Verify_Message@56f4468b]" name="Valid_Test" duration-ms="2728" started-at="2020-01-10T18:49:55Z" description="Valid Test Scenario" finished-at="2020-01-10T18:49:58Z">
        </test-method> <!-- Valid_Test -->
        <test-method status="PASS" signature="teardown(org.testng.ITestResult)[pri:0, instance:tests.TC_001_Verify_Message@56f4468b]" name="teardown" is-config="true" duration-ms="966" started-at="2020-01-10T18:49:58Z" finished-at="2020-01-10T18:49:59Z">
          <params>
            <param index="0">
              <value>
                <![CDATA[[TestResult: Valid_Test STATUS:SUCCESS METHOD:TC_001_Verify_Message.Valid_Test()[pri:1, instance:tests.TC_001_Verify_Message@56f4468b]]
]]>
              </value>
            </param>
          </params>
        </test-method> <!-- teardown -->
      </class> <!-- tests.TC_001_Verify_Message -->
    </test> <!-- Test1 -->
  </suite> <!-- Suite -->
</testng-results>
